# ******************************************************
# PLUTO 4.2 Grid File
# Generated on  Wed Jul  4 07:10:14 2018
# 
# DIMENSIONS: 2
# GEOMETRY:   CARTESIAN
# X1: [-10.000000,  10.000000], 200 point(s), 2 ghosts
# X2: [-2.500000,  2.500000], 200 point(s), 2 ghosts
# ******************************************************
200 
 1   -1.000000000000e+01    -9.900000000000e+00
 2   -9.900000000000e+00    -9.800000000000e+00
 3   -9.800000000000e+00    -9.700000000000e+00
 4   -9.700000000000e+00    -9.600000000000e+00
 5   -9.600000000000e+00    -9.500000000000e+00
 6   -9.500000000000e+00    -9.400000000000e+00
 7   -9.400000000000e+00    -9.300000000000e+00
 8   -9.300000000000e+00    -9.200000000000e+00
 9   -9.200000000000e+00    -9.100000000000e+00
 10   -9.100000000000e+00    -9.000000000000e+00
 11   -9.000000000000e+00    -8.900000000000e+00
 12   -8.900000000000e+00    -8.800000000000e+00
 13   -8.800000000000e+00    -8.700000000000e+00
 14   -8.700000000000e+00    -8.600000000000e+00
 15   -8.600000000000e+00    -8.500000000000e+00
 16   -8.500000000000e+00    -8.400000000000e+00
 17   -8.400000000000e+00    -8.300000000000e+00
 18   -8.300000000000e+00    -8.200000000000e+00
 19   -8.200000000000e+00    -8.100000000000e+00
 20   -8.100000000000e+00    -8.000000000000e+00
 21   -8.000000000000e+00    -7.900000000000e+00
 22   -7.900000000000e+00    -7.800000000000e+00
 23   -7.800000000000e+00    -7.700000000000e+00
 24   -7.700000000000e+00    -7.600000000000e+00
 25   -7.600000000000e+00    -7.500000000000e+00
 26   -7.500000000000e+00    -7.400000000000e+00
 27   -7.400000000000e+00    -7.300000000000e+00
 28   -7.300000000000e+00    -7.200000000000e+00
 29   -7.200000000000e+00    -7.100000000000e+00
 30   -7.100000000000e+00    -7.000000000000e+00
 31   -7.000000000000e+00    -6.900000000000e+00
 32   -6.900000000000e+00    -6.800000000000e+00
 33   -6.800000000000e+00    -6.700000000000e+00
 34   -6.700000000000e+00    -6.600000000000e+00
 35   -6.600000000000e+00    -6.500000000000e+00
 36   -6.500000000000e+00    -6.400000000000e+00
 37   -6.400000000000e+00    -6.300000000000e+00
 38   -6.300000000000e+00    -6.200000000000e+00
 39   -6.200000000000e+00    -6.100000000000e+00
 40   -6.100000000000e+00    -6.000000000000e+00
 41   -6.000000000000e+00    -5.900000000000e+00
 42   -5.900000000000e+00    -5.800000000000e+00
 43   -5.800000000000e+00    -5.700000000000e+00
 44   -5.700000000000e+00    -5.600000000000e+00
 45   -5.600000000000e+00    -5.500000000000e+00
 46   -5.500000000000e+00    -5.400000000000e+00
 47   -5.400000000000e+00    -5.300000000000e+00
 48   -5.300000000000e+00    -5.200000000000e+00
 49   -5.200000000000e+00    -5.100000000000e+00
 50   -5.100000000000e+00    -5.000000000000e+00
 51   -5.000000000000e+00    -4.900000000000e+00
 52   -4.900000000000e+00    -4.800000000000e+00
 53   -4.800000000000e+00    -4.700000000000e+00
 54   -4.700000000000e+00    -4.600000000000e+00
 55   -4.600000000000e+00    -4.500000000000e+00
 56   -4.500000000000e+00    -4.400000000000e+00
 57   -4.400000000000e+00    -4.300000000000e+00
 58   -4.300000000000e+00    -4.200000000000e+00
 59   -4.200000000000e+00    -4.100000000000e+00
 60   -4.100000000000e+00    -4.000000000000e+00
 61   -4.000000000000e+00    -3.900000000000e+00
 62   -3.900000000000e+00    -3.800000000000e+00
 63   -3.800000000000e+00    -3.700000000000e+00
 64   -3.700000000000e+00    -3.600000000000e+00
 65   -3.600000000000e+00    -3.500000000000e+00
 66   -3.500000000000e+00    -3.400000000000e+00
 67   -3.400000000000e+00    -3.300000000000e+00
 68   -3.300000000000e+00    -3.200000000000e+00
 69   -3.200000000000e+00    -3.100000000000e+00
 70   -3.100000000000e+00    -3.000000000000e+00
 71   -3.000000000000e+00    -2.900000000000e+00
 72   -2.900000000000e+00    -2.800000000000e+00
 73   -2.800000000000e+00    -2.700000000000e+00
 74   -2.700000000000e+00    -2.600000000000e+00
 75   -2.600000000000e+00    -2.500000000000e+00
 76   -2.500000000000e+00    -2.400000000000e+00
 77   -2.400000000000e+00    -2.300000000000e+00
 78   -2.300000000000e+00    -2.200000000000e+00
 79   -2.200000000000e+00    -2.100000000000e+00
 80   -2.100000000000e+00    -2.000000000000e+00
 81   -2.000000000000e+00    -1.900000000000e+00
 82   -1.900000000000e+00    -1.800000000000e+00
 83   -1.800000000000e+00    -1.700000000000e+00
 84   -1.700000000000e+00    -1.600000000000e+00
 85   -1.600000000000e+00    -1.500000000000e+00
 86   -1.500000000000e+00    -1.400000000000e+00
 87   -1.400000000000e+00    -1.300000000000e+00
 88   -1.300000000000e+00    -1.200000000000e+00
 89   -1.200000000000e+00    -1.100000000000e+00
 90   -1.100000000000e+00    -1.000000000000e+00
 91   -1.000000000000e+00    -9.000000000000e-01
 92   -9.000000000000e-01    -8.000000000000e-01
 93   -8.000000000000e-01    -7.000000000000e-01
 94   -7.000000000000e-01    -6.000000000000e-01
 95   -6.000000000000e-01    -5.000000000000e-01
 96   -5.000000000000e-01    -4.000000000000e-01
 97   -4.000000000000e-01    -3.000000000000e-01
 98   -3.000000000000e-01    -2.000000000000e-01
 99   -2.000000000000e-01    -1.000000000000e-01
 100   -1.000000000000e-01    3.608224830032e-16
 101   0.000000000000e+00    1.000000000000e-01
 102   1.000000000000e-01    2.000000000000e-01
 103   2.000000000000e-01    3.000000000000e-01
 104   3.000000000000e-01    4.000000000000e-01
 105   4.000000000000e-01    5.000000000000e-01
 106   5.000000000000e-01    6.000000000000e-01
 107   6.000000000000e-01    7.000000000000e-01
 108   7.000000000000e-01    8.000000000000e-01
 109   8.000000000000e-01    9.000000000000e-01
 110   9.000000000000e-01    1.000000000000e+00
 111   1.000000000000e+00    1.100000000000e+00
 112   1.100000000000e+00    1.200000000000e+00
 113   1.200000000000e+00    1.300000000000e+00
 114   1.300000000000e+00    1.400000000000e+00
 115   1.400000000000e+00    1.500000000000e+00
 116   1.500000000000e+00    1.600000000000e+00
 117   1.600000000000e+00    1.700000000000e+00
 118   1.700000000000e+00    1.800000000000e+00
 119   1.800000000000e+00    1.900000000000e+00
 120   1.900000000000e+00    2.000000000000e+00
 121   2.000000000000e+00    2.100000000000e+00
 122   2.100000000000e+00    2.200000000000e+00
 123   2.200000000000e+00    2.300000000000e+00
 124   2.300000000000e+00    2.400000000000e+00
 125   2.400000000000e+00    2.500000000000e+00
 126   2.500000000000e+00    2.600000000000e+00
 127   2.600000000000e+00    2.700000000000e+00
 128   2.700000000000e+00    2.800000000000e+00
 129   2.800000000000e+00    2.900000000000e+00
 130   2.900000000000e+00    3.000000000000e+00
 131   3.000000000000e+00    3.100000000000e+00
 132   3.100000000000e+00    3.200000000000e+00
 133   3.200000000000e+00    3.300000000000e+00
 134   3.300000000000e+00    3.400000000000e+00
 135   3.400000000000e+00    3.500000000000e+00
 136   3.500000000000e+00    3.600000000000e+00
 137   3.600000000000e+00    3.700000000000e+00
 138   3.700000000000e+00    3.800000000000e+00
 139   3.800000000000e+00    3.900000000000e+00
 140   3.900000000000e+00    4.000000000000e+00
 141   4.000000000000e+00    4.100000000000e+00
 142   4.100000000000e+00    4.200000000000e+00
 143   4.200000000000e+00    4.300000000000e+00
 144   4.300000000000e+00    4.400000000000e+00
 145   4.400000000000e+00    4.500000000000e+00
 146   4.500000000000e+00    4.600000000000e+00
 147   4.600000000000e+00    4.700000000000e+00
 148   4.700000000000e+00    4.800000000000e+00
 149   4.800000000000e+00    4.900000000000e+00
 150   4.900000000000e+00    5.000000000000e+00
 151   5.000000000000e+00    5.100000000000e+00
 152   5.100000000000e+00    5.200000000000e+00
 153   5.200000000000e+00    5.300000000000e+00
 154   5.300000000000e+00    5.400000000000e+00
 155   5.400000000000e+00    5.500000000000e+00
 156   5.500000000000e+00    5.600000000000e+00
 157   5.600000000000e+00    5.700000000000e+00
 158   5.700000000000e+00    5.800000000000e+00
 159   5.800000000000e+00    5.900000000000e+00
 160   5.900000000000e+00    6.000000000000e+00
 161   6.000000000000e+00    6.100000000000e+00
 162   6.100000000000e+00    6.200000000000e+00
 163   6.200000000000e+00    6.300000000000e+00
 164   6.300000000000e+00    6.400000000000e+00
 165   6.400000000000e+00    6.500000000000e+00
 166   6.500000000000e+00    6.600000000000e+00
 167   6.600000000000e+00    6.700000000000e+00
 168   6.700000000000e+00    6.800000000000e+00
 169   6.800000000000e+00    6.900000000000e+00
 170   6.900000000000e+00    7.000000000000e+00
 171   7.000000000000e+00    7.100000000000e+00
 172   7.100000000000e+00    7.200000000000e+00
 173   7.200000000000e+00    7.300000000000e+00
 174   7.300000000000e+00    7.400000000000e+00
 175   7.400000000000e+00    7.500000000000e+00
 176   7.500000000000e+00    7.600000000000e+00
 177   7.600000000000e+00    7.700000000000e+00
 178   7.700000000000e+00    7.800000000000e+00
 179   7.800000000000e+00    7.900000000000e+00
 180   7.900000000000e+00    8.000000000000e+00
 181   8.000000000000e+00    8.100000000000e+00
 182   8.100000000000e+00    8.200000000000e+00
 183   8.200000000000e+00    8.300000000000e+00
 184   8.300000000000e+00    8.400000000000e+00
 185   8.400000000000e+00    8.500000000000e+00
 186   8.500000000000e+00    8.600000000000e+00
 187   8.600000000000e+00    8.700000000000e+00
 188   8.700000000000e+00    8.800000000000e+00
 189   8.800000000000e+00    8.900000000000e+00
 190   8.900000000000e+00    9.000000000000e+00
 191   9.000000000000e+00    9.100000000000e+00
 192   9.100000000000e+00    9.200000000000e+00
 193   9.200000000000e+00    9.300000000000e+00
 194   9.300000000000e+00    9.400000000000e+00
 195   9.400000000000e+00    9.500000000000e+00
 196   9.500000000000e+00    9.600000000000e+00
 197   9.600000000000e+00    9.700000000000e+00
 198   9.700000000000e+00    9.800000000000e+00
 199   9.800000000000e+00    9.900000000000e+00
 200   9.900000000000e+00    1.000000000000e+01
200 
 1   -2.500000000000e+00    -2.475000000000e+00
 2   -2.475000000000e+00    -2.450000000000e+00
 3   -2.450000000000e+00    -2.425000000000e+00
 4   -2.425000000000e+00    -2.400000000000e+00
 5   -2.400000000000e+00    -2.375000000000e+00
 6   -2.375000000000e+00    -2.350000000000e+00
 7   -2.350000000000e+00    -2.325000000000e+00
 8   -2.325000000000e+00    -2.300000000000e+00
 9   -2.300000000000e+00    -2.275000000000e+00
 10   -2.275000000000e+00    -2.250000000000e+00
 11   -2.250000000000e+00    -2.225000000000e+00
 12   -2.225000000000e+00    -2.200000000000e+00
 13   -2.200000000000e+00    -2.175000000000e+00
 14   -2.175000000000e+00    -2.150000000000e+00
 15   -2.150000000000e+00    -2.125000000000e+00
 16   -2.125000000000e+00    -2.100000000000e+00
 17   -2.100000000000e+00    -2.075000000000e+00
 18   -2.075000000000e+00    -2.050000000000e+00
 19   -2.050000000000e+00    -2.025000000000e+00
 20   -2.025000000000e+00    -2.000000000000e+00
 21   -2.000000000000e+00    -1.975000000000e+00
 22   -1.975000000000e+00    -1.950000000000e+00
 23   -1.950000000000e+00    -1.925000000000e+00
 24   -1.925000000000e+00    -1.900000000000e+00
 25   -1.900000000000e+00    -1.875000000000e+00
 26   -1.875000000000e+00    -1.850000000000e+00
 27   -1.850000000000e+00    -1.825000000000e+00
 28   -1.825000000000e+00    -1.800000000000e+00
 29   -1.800000000000e+00    -1.775000000000e+00
 30   -1.775000000000e+00    -1.750000000000e+00
 31   -1.750000000000e+00    -1.725000000000e+00
 32   -1.725000000000e+00    -1.700000000000e+00
 33   -1.700000000000e+00    -1.675000000000e+00
 34   -1.675000000000e+00    -1.650000000000e+00
 35   -1.650000000000e+00    -1.625000000000e+00
 36   -1.625000000000e+00    -1.600000000000e+00
 37   -1.600000000000e+00    -1.575000000000e+00
 38   -1.575000000000e+00    -1.550000000000e+00
 39   -1.550000000000e+00    -1.525000000000e+00
 40   -1.525000000000e+00    -1.500000000000e+00
 41   -1.500000000000e+00    -1.475000000000e+00
 42   -1.475000000000e+00    -1.450000000000e+00
 43   -1.450000000000e+00    -1.425000000000e+00
 44   -1.425000000000e+00    -1.400000000000e+00
 45   -1.400000000000e+00    -1.375000000000e+00
 46   -1.375000000000e+00    -1.350000000000e+00
 47   -1.350000000000e+00    -1.325000000000e+00
 48   -1.325000000000e+00    -1.300000000000e+00
 49   -1.300000000000e+00    -1.275000000000e+00
 50   -1.275000000000e+00    -1.250000000000e+00
 51   -1.250000000000e+00    -1.225000000000e+00
 52   -1.225000000000e+00    -1.200000000000e+00
 53   -1.200000000000e+00    -1.175000000000e+00
 54   -1.175000000000e+00    -1.150000000000e+00
 55   -1.150000000000e+00    -1.125000000000e+00
 56   -1.125000000000e+00    -1.100000000000e+00
 57   -1.100000000000e+00    -1.075000000000e+00
 58   -1.075000000000e+00    -1.050000000000e+00
 59   -1.050000000000e+00    -1.025000000000e+00
 60   -1.025000000000e+00    -1.000000000000e+00
 61   -1.000000000000e+00    -9.750000000000e-01
 62   -9.750000000000e-01    -9.500000000000e-01
 63   -9.500000000000e-01    -9.250000000000e-01
 64   -9.250000000000e-01    -9.000000000000e-01
 65   -9.000000000000e-01    -8.750000000000e-01
 66   -8.750000000000e-01    -8.500000000000e-01
 67   -8.500000000000e-01    -8.250000000000e-01
 68   -8.250000000000e-01    -8.000000000000e-01
 69   -8.000000000000e-01    -7.750000000000e-01
 70   -7.750000000000e-01    -7.500000000000e-01
 71   -7.500000000000e-01    -7.250000000000e-01
 72   -7.250000000000e-01    -7.000000000000e-01
 73   -7.000000000000e-01    -6.750000000000e-01
 74   -6.750000000000e-01    -6.500000000000e-01
 75   -6.500000000000e-01    -6.250000000000e-01
 76   -6.250000000000e-01    -6.000000000000e-01
 77   -6.000000000000e-01    -5.750000000000e-01
 78   -5.750000000000e-01    -5.500000000000e-01
 79   -5.500000000000e-01    -5.250000000000e-01
 80   -5.250000000000e-01    -5.000000000000e-01
 81   -5.000000000000e-01    -4.750000000000e-01
 82   -4.750000000000e-01    -4.500000000000e-01
 83   -4.500000000000e-01    -4.250000000000e-01
 84   -4.250000000000e-01    -4.000000000000e-01
 85   -4.000000000000e-01    -3.750000000000e-01
 86   -3.750000000000e-01    -3.500000000000e-01
 87   -3.500000000000e-01    -3.250000000000e-01
 88   -3.250000000000e-01    -3.000000000000e-01
 89   -3.000000000000e-01    -2.750000000000e-01
 90   -2.750000000000e-01    -2.500000000000e-01
 91   -2.500000000000e-01    -2.250000000000e-01
 92   -2.250000000000e-01    -2.000000000000e-01
 93   -2.000000000000e-01    -1.750000000000e-01
 94   -1.750000000000e-01    -1.500000000000e-01
 95   -1.500000000000e-01    -1.250000000000e-01
 96   -1.250000000000e-01    -1.000000000000e-01
 97   -1.000000000000e-01    -7.500000000000e-02
 98   -7.500000000000e-02    -5.000000000000e-02
 99   -5.000000000000e-02    -2.500000000000e-02
 100   -2.500000000000e-02    9.020562075079e-17
 101   0.000000000000e+00    2.500000000000e-02
 102   2.500000000000e-02    5.000000000000e-02
 103   5.000000000000e-02    7.500000000000e-02
 104   7.500000000000e-02    1.000000000000e-01
 105   1.000000000000e-01    1.250000000000e-01
 106   1.250000000000e-01    1.500000000000e-01
 107   1.500000000000e-01    1.750000000000e-01
 108   1.750000000000e-01    2.000000000000e-01
 109   2.000000000000e-01    2.250000000000e-01
 110   2.250000000000e-01    2.500000000000e-01
 111   2.500000000000e-01    2.750000000000e-01
 112   2.750000000000e-01    3.000000000000e-01
 113   3.000000000000e-01    3.250000000000e-01
 114   3.250000000000e-01    3.500000000000e-01
 115   3.500000000000e-01    3.750000000000e-01
 116   3.750000000000e-01    4.000000000000e-01
 117   4.000000000000e-01    4.250000000000e-01
 118   4.250000000000e-01    4.500000000000e-01
 119   4.500000000000e-01    4.750000000000e-01
 120   4.750000000000e-01    5.000000000000e-01
 121   5.000000000000e-01    5.250000000000e-01
 122   5.250000000000e-01    5.500000000000e-01
 123   5.500000000000e-01    5.750000000000e-01
 124   5.750000000000e-01    6.000000000000e-01
 125   6.000000000000e-01    6.250000000000e-01
 126   6.250000000000e-01    6.500000000000e-01
 127   6.500000000000e-01    6.750000000000e-01
 128   6.750000000000e-01    7.000000000000e-01
 129   7.000000000000e-01    7.250000000000e-01
 130   7.250000000000e-01    7.500000000000e-01
 131   7.500000000000e-01    7.750000000000e-01
 132   7.750000000000e-01    8.000000000000e-01
 133   8.000000000000e-01    8.250000000000e-01
 134   8.250000000000e-01    8.500000000000e-01
 135   8.500000000000e-01    8.750000000000e-01
 136   8.750000000000e-01    9.000000000000e-01
 137   9.000000000000e-01    9.250000000000e-01
 138   9.250000000000e-01    9.500000000000e-01
 139   9.500000000000e-01    9.750000000000e-01
 140   9.750000000000e-01    1.000000000000e+00
 141   1.000000000000e+00    1.025000000000e+00
 142   1.025000000000e+00    1.050000000000e+00
 143   1.050000000000e+00    1.075000000000e+00
 144   1.075000000000e+00    1.100000000000e+00
 145   1.100000000000e+00    1.125000000000e+00
 146   1.125000000000e+00    1.150000000000e+00
 147   1.150000000000e+00    1.175000000000e+00
 148   1.175000000000e+00    1.200000000000e+00
 149   1.200000000000e+00    1.225000000000e+00
 150   1.225000000000e+00    1.250000000000e+00
 151   1.250000000000e+00    1.275000000000e+00
 152   1.275000000000e+00    1.300000000000e+00
 153   1.300000000000e+00    1.325000000000e+00
 154   1.325000000000e+00    1.350000000000e+00
 155   1.350000000000e+00    1.375000000000e+00
 156   1.375000000000e+00    1.400000000000e+00
 157   1.400000000000e+00    1.425000000000e+00
 158   1.425000000000e+00    1.450000000000e+00
 159   1.450000000000e+00    1.475000000000e+00
 160   1.475000000000e+00    1.500000000000e+00
 161   1.500000000000e+00    1.525000000000e+00
 162   1.525000000000e+00    1.550000000000e+00
 163   1.550000000000e+00    1.575000000000e+00
 164   1.575000000000e+00    1.600000000000e+00
 165   1.600000000000e+00    1.625000000000e+00
 166   1.625000000000e+00    1.650000000000e+00
 167   1.650000000000e+00    1.675000000000e+00
 168   1.675000000000e+00    1.700000000000e+00
 169   1.700000000000e+00    1.725000000000e+00
 170   1.725000000000e+00    1.750000000000e+00
 171   1.750000000000e+00    1.775000000000e+00
 172   1.775000000000e+00    1.800000000000e+00
 173   1.800000000000e+00    1.825000000000e+00
 174   1.825000000000e+00    1.850000000000e+00
 175   1.850000000000e+00    1.875000000000e+00
 176   1.875000000000e+00    1.900000000000e+00
 177   1.900000000000e+00    1.925000000000e+00
 178   1.925000000000e+00    1.950000000000e+00
 179   1.950000000000e+00    1.975000000000e+00
 180   1.975000000000e+00    2.000000000000e+00
 181   2.000000000000e+00    2.025000000000e+00
 182   2.025000000000e+00    2.050000000000e+00
 183   2.050000000000e+00    2.075000000000e+00
 184   2.075000000000e+00    2.100000000000e+00
 185   2.100000000000e+00    2.125000000000e+00
 186   2.125000000000e+00    2.150000000000e+00
 187   2.150000000000e+00    2.175000000000e+00
 188   2.175000000000e+00    2.200000000000e+00
 189   2.200000000000e+00    2.225000000000e+00
 190   2.225000000000e+00    2.250000000000e+00
 191   2.250000000000e+00    2.275000000000e+00
 192   2.275000000000e+00    2.300000000000e+00
 193   2.300000000000e+00    2.325000000000e+00
 194   2.325000000000e+00    2.350000000000e+00
 195   2.350000000000e+00    2.375000000000e+00
 196   2.375000000000e+00    2.400000000000e+00
 197   2.400000000000e+00    2.425000000000e+00
 198   2.425000000000e+00    2.450000000000e+00
 199   2.450000000000e+00    2.475000000000e+00
 200   2.475000000000e+00    2.500000000000e+00
1 
 1   0.000000000000e+00    1.000000000000e+00
